
> contracts@0.0.1 test
> jest --verbose

FAIL tests/EscrowSM.spec.ts
  ‚óè Test suite failed to run

    [96mtests/EscrowSM.spec.ts[0m:[93m27[0m:[93m9[0m - [91merror[0m[90m TS2740: [0mType 'SandboxContract<Contract>' is missing the following properties from type 'SandboxContract<EscrowSM>': sendDeploy, sendSetTaskDetails, sendDepositFunds, sendVerifyTaskCompletion, and 9 more.

    [7m27[0m         escrowSM = blockchain.openContract(await EscrowSM.createFromConfig(initialData, null));
    [7m  [0m [91m        ~~~~~~~~[0m
    [96mtests/EscrowSM.spec.ts[0m:[93m27[0m:[93m44[0m - [91merror[0m[90m TS2345: [0mArgument of type 'EscrowSM' is not assignable to parameter of type 'Contract'.
      Types of property 'init' are incompatible.
        Type '{ code: Cell; data: Cell; } | undefined' is not assignable to type 'Maybe<{ code: Cell; data: Cell; }>'.
          Type '{ code: Cell; data: Cell; }' is not assignable to type 'Maybe<{ code: Cell; data: Cell; }>'.
            The types of 'code.bits' are incompatible between these types.
              Type 'import("/workspaces/Ziver_MVP/contracts/node_modules/@ton/core/dist/boc/BitString").BitString' is not assignable to type 'import("/workspaces/Ziver_MVP/contracts/node_modules/ton-core/dist/boc/BitString").BitString'.
                Types have separate declarations of a private property '_offset'.

    [7m27[0m         escrowSM = blockchain.openContract(await EscrowSM.createFromConfig(initialData, null));
    [7m  [0m [91m                                           ~~~~~~~~~~~~~~~~~~~~~~~~~~~~~~~~~~~~~~~~~~~~~~~~~~[0m
    [96mtests/EscrowSM.spec.ts[0m:[93m27[0m:[93m89[0m - [91merror[0m[90m TS2345: [0mArgument of type 'null' is not assignable to parameter of type 'number | undefined'.

    [7m27[0m         escrowSM = blockchain.openContract(await EscrowSM.createFromConfig(initialData, null));
    [7m  [0m [91m                                                                                        ~~~~[0m
    [96mtests/EscrowSM.spec.ts[0m:[93m29[0m:[93m45[0m - [91merror[0m[90m TS2349: [0mThis expression is not callable.
      Type 'never' has no call signatures.

    [7m29[0m         const deployResult = await escrowSM.sendDeploy(deployer.getSender(), toNano('0.05'));
    [7m  [0m [91m                                            ~~~~~~~~~~[0m
    [96mtests/EscrowSM.spec.ts[0m:[93m44[0m:[93m32[0m - [91merror[0m[90m TS2349: [0mThis expression is not callable.
      Type 'never' has no call signatures.

    [7m44[0m         expect((await escrowSM.getZiverTreasuryAddress()).equals(ziverTreasury.address)).toBe(true);
    [7m  [0m [91m                               ~~~~~~~~~~~~~~~~~~~~~~~[0m
    [96mtests/EscrowSM.spec.ts[0m:[93m45[0m:[93m31[0m - [91merror[0m[90m TS2349: [0mThis expression is not callable.
      Type 'never' has no call signatures.

    [7m45[0m         expect(await escrowSM.getAccumulatedFees()).toEqual(0n);
    [7m  [0m [91m                              ~~~~~~~~~~~~~~~~~~[0m
    [96mtests/EscrowSM.spec.ts[0m:[93m58[0m:[93m17[0m - [91merror[0m[90m TS2561: [0mObject literal may only specify known properties, but '$$type' does not exist in type 'Cell'. Did you mean to write 'type'?

    [7m58[0m                 $$type: 'SetTaskDetails',
    [7m  [0m [91m                ~~~~~~[0m

      [96mnode_modules/ton-core/dist/contract/Sender.d.ts[0m:[93m21[0m:[93m5[0m
        [7m21[0m     body?: Maybe<Cell>;
        [7m  [0m [96m    ~~~~[0m
        The expected type comes from property 'body' which is declared here on type 'SenderArguments'
    [96mtests/EscrowSM.spec.ts[0m:[93m71[0m:[93m33[0m - [91merror[0m[90m TS2349: [0mThis expression is not callable.
      Type 'never' has no call signatures.

    [7m71[0m         let td = await escrowSM.getTaskDetails(taskId);
    [7m  [0m [91m                                ~~~~~~~~~~~~~~[0m
    [96mtests/EscrowSM.spec.ts[0m:[93m77[0m:[93m21[0m - [91merror[0m[90m TS2561: [0mObject literal may only specify known properties, but '$$type' does not exist in type 'Cell'. Did you mean to write 'type'?

    [7m77[0m             body: { $$type: 'DepositFunds', taskId, queryID: 2n }
    [7m  [0m [91m                    ~~~~~~[0m

      [96mnode_modules/ton-core/dist/contract/Sender.d.ts[0m:[93m21[0m:[93m5[0m
        [7m21[0m     body?: Maybe<Cell>;
        [7m  [0m [96m    ~~~~[0m
        The expected type comes from property 'body' which is declared here on type 'SenderArguments'
    [96mtests/EscrowSM.spec.ts[0m:[93m80[0m:[93m29[0m - [91merror[0m[90m TS2349: [0mThis expression is not callable.
      Type 'never' has no call signatures.

    [7m80[0m         td = await escrowSM.getTaskDetails(taskId);
    [7m  [0m [91m                            ~~~~~~~~~~~~~~[0m
    [96mtests/EscrowSM.spec.ts[0m:[93m84[0m:[93m26[0m - [91merror[0m[90m TS2339: [0mProperty 'setUnixTime' does not exist on type 'Blockchain'.

    [7m84[0m         await blockchain.setUnixTime(Number(expiry) + 1);
    [7m  [0m [91m                         ~~~~~~~~~~~[0m
    [96mtests/EscrowSM.spec.ts[0m:[93m89[0m:[93m21[0m - [91merror[0m[90m TS2561: [0mObject literal may only specify known properties, but '$$type' does not exist in type 'Cell'. Did you mean to write 'type'?

    [7m89[0m             body: { $$type: 'ExpireTask', taskId, queryID: 3n }
    [7m  [0m [91m                    ~~~~~~[0m

      [96mnode_modules/ton-core/dist/contract/Sender.d.ts[0m:[93m21[0m:[93m5[0m
        [7m21[0m     body?: Maybe<Cell>;
        [7m  [0m [96m    ~~~~[0m
        The expected type comes from property 'body' which is declared here on type 'SenderArguments'
    [96mtests/EscrowSM.spec.ts[0m:[93m92[0m:[93m29[0m - [91merror[0m[90m TS2349: [0mThis expression is not callable.
      Type 'never' has no call signatures.

    [7m92[0m         td = await escrowSM.getTaskDetails(taskId);
    [7m  [0m [91m                            ~~~~~~~~~~~~~~[0m
    [96mtests/EscrowSM.spec.ts[0m:[93m106[0m:[93m17[0m - [91merror[0m[90m TS2561: [0mObject literal may only specify known properties, but '$$type' does not exist in type 'Cell'. Did you mean to write 'type'?

    [7m106[0m                 $$type: 'SetTaskDetails',
    [7m   [0m [91m                ~~~~~~[0m

      [96mnode_modules/ton-core/dist/contract/Sender.d.ts[0m:[93m21[0m:[93m5[0m
        [7m21[0m     body?: Maybe<Cell>;
        [7m  [0m [96m    ~~~~[0m
        The expected type comes from property 'body' which is declared here on type 'SenderArguments'
    [96mtests/EscrowSM.spec.ts[0m:[93m122[0m:[93m21[0m - [91merror[0m[90m TS2561: [0mObject literal may only specify known properties, but '$$type' does not exist in type 'Cell'. Did you mean to write 'type'?

    [7m122[0m             body: { $$type: 'DepositFunds', taskId, queryID: 11n }
    [7m   [0m [91m                    ~~~~~~[0m

      [96mnode_modules/ton-core/dist/contract/Sender.d.ts[0m:[93m21[0m:[93m5[0m
        [7m21[0m     body?: Maybe<Cell>;
        [7m  [0m [96m    ~~~~[0m
        The expected type comes from property 'body' which is declared here on type 'SenderArguments'
    [96mtests/EscrowSM.spec.ts[0m:[93m129[0m:[93m25[0m - [91merror[0m[90m TS2561: [0mObject literal may only specify known properties, but '$$type' does not exist in type 'Cell'. Did you mean to write 'type'?

    [7m129[0m                 body: { $$type: 'DepositFunds', taskId, queryID: 11n }
    [7m   [0m [91m                        ~~~~~~[0m

      [96mnode_modules/ton-core/dist/contract/Sender.d.ts[0m:[93m21[0m:[93m5[0m
        [7m21[0m     body?: Maybe<Cell>;
        [7m  [0m [96m    ~~~~[0m
        The expected type comes from property 'body' which is declared here on type 'SenderArguments'
    [96mtests/EscrowSM.spec.ts[0m:[93m144[0m:[93m17[0m - [91merror[0m[90m TS2561: [0mObject literal may only specify known properties, but '$$type' does not exist in type 'Cell'. Did you mean to write 'type'?

    [7m144[0m                 $$type: 'SetTaskDetails',
    [7m   [0m [91m                ~~~~~~[0m

      [96mnode_modules/ton-core/dist/contract/Sender.d.ts[0m:[93m21[0m:[93m5[0m
        [7m21[0m     body?: Maybe<Cell>;
        [7m  [0m [96m    ~~~~[0m
        The expected type comes from property 'body' which is declared here on type 'SenderArguments'
    [96mtests/EscrowSM.spec.ts[0m:[93m160[0m:[93m21[0m - [91merror[0m[90m TS2561: [0mObject literal may only specify known properties, but '$$type' does not exist in type 'Cell'. Did you mean to write 'type'?

    [7m160[0m             body: { $$type: 'DepositFunds', taskId, queryID: 22n }
    [7m   [0m [91m                    ~~~~~~[0m

      [96mnode_modules/ton-core/dist/contract/Sender.d.ts[0m:[93m21[0m:[93m5[0m
        [7m21[0m     body?: Maybe<Cell>;
        [7m  [0m [96m    ~~~~[0m
        The expected type comes from property 'body' which is declared here on type 'SenderArguments'
    [96mtests/EscrowSM.spec.ts[0m:[93m169[0m:[93m17[0m - [91merror[0m[90m TS2561: [0mObject literal may only specify known properties, but '$$type' does not exist in type 'Cell'. Did you mean to write 'type'?

    [7m169[0m                 $$type: 'VerifyTaskCompletion',
    [7m   [0m [91m                ~~~~~~[0m

      [96mnode_modules/ton-core/dist/contract/Sender.d.ts[0m:[93m21[0m:[93m5[0m
        [7m21[0m     body?: Maybe<Cell>;
        [7m  [0m [96m    ~~~~[0m
        The expected type comes from property 'body' which is declared here on type 'SenderArguments'
    [96mtests/EscrowSM.spec.ts[0m:[93m180[0m:[93m31[0m - [91merror[0m[90m TS2349: [0mThis expression is not callable.
      Type 'never' has no call signatures.

    [7m180[0m         expect(await escrowSM.getAccumulatedFees()).toEqual(fee);
    [7m   [0m [91m                              ~~~~~~~~~~~~~~~~~~[0m
    [96mtests/EscrowSM.spec.ts[0m:[93m192[0m:[93m17[0m - [91merror[0m[90m TS2561: [0mObject literal may only specify known properties, but '$$type' does not exist in type 'Cell'. Did you mean to write 'type'?

    [7m192[0m                 $$type: 'SetTaskDetails',
    [7m   [0m [91m                ~~~~~~[0m

      [96mnode_modules/ton-core/dist/contract/Sender.d.ts[0m:[93m21[0m:[93m5[0m
        [7m21[0m     body?: Maybe<Cell>;
        [7m  [0m [96m    ~~~~[0m
        The expected type comes from property 'body' which is declared here on type 'SenderArguments'
    [96mtests/EscrowSM.spec.ts[0m:[93m208[0m:[93m21[0m - [91merror[0m[90m TS2561: [0mObject literal may only specify known properties, but '$$type' does not exist in type 'Cell'. Did you mean to write 'type'?

    [7m208[0m             body: { $$type: 'DepositFunds', taskId, queryID: 102n }
    [7m   [0m [91m                    ~~~~~~[0m

      [96mnode_modules/ton-core/dist/contract/Sender.d.ts[0m:[93m21[0m:[93m5[0m
        [7m21[0m     body?: Maybe<Cell>;
        [7m  [0m [96m    ~~~~[0m
        The expected type comes from property 'body' which is declared here on type 'SenderArguments'
    [96mtests/EscrowSM.spec.ts[0m:[93m215[0m:[93m17[0m - [91merror[0m[90m TS2561: [0mObject literal may only specify known properties, but '$$type' does not exist in type 'Cell'. Did you mean to write 'type'?

    [7m215[0m                 $$type: 'VerifyTaskCompletion',
    [7m   [0m [91m                ~~~~~~[0m

      [96mnode_modules/ton-core/dist/contract/Sender.d.ts[0m:[93m21[0m:[93m5[0m
        [7m21[0m     body?: Maybe<Cell>;
        [7m  [0m [96m    ~~~~[0m
        The expected type comes from property 'body' which is declared here on type 'SenderArguments'
    [96mtests/EscrowSM.spec.ts[0m:[93m222[0m:[93m33[0m - [91merror[0m[90m TS2349: [0mThis expression is not callable.
      Type 'never' has no call signatures.

    [7m222[0m         let td = await escrowSM.getTaskDetails(taskId);
    [7m   [0m [91m                                ~~~~~~~~~~~~~~[0m
    [96mtests/EscrowSM.spec.ts[0m:[93m229[0m:[93m17[0m - [91merror[0m[90m TS2561: [0mObject literal may only specify known properties, but '$$type' does not exist in type 'Cell'. Did you mean to write 'type'?

    [7m229[0m                 $$type: 'VerifyTaskCompletion',
    [7m   [0m [91m                ~~~~~~[0m

      [96mnode_modules/ton-core/dist/contract/Sender.d.ts[0m:[93m21[0m:[93m5[0m
        [7m21[0m     body?: Maybe<Cell>;
        [7m  [0m [96m    ~~~~[0m
        The expected type comes from property 'body' which is declared here on type 'SenderArguments'
    [96mtests/EscrowSM.spec.ts[0m:[93m236[0m:[93m29[0m - [91merror[0m[90m TS2349: [0mThis expression is not callable.
      Type 'never' has no call signatures.

    [7m236[0m         td = await escrowSM.getTaskDetails(taskId);
    [7m   [0m [91m                            ~~~~~~~~~~~~~~[0m
    [96mtests/EscrowSM.spec.ts[0m:[93m251[0m:[93m17[0m - [91merror[0m[90m TS2561: [0mObject literal may only specify known properties, but '$$type' does not exist in type 'Cell'. Did you mean to write 'type'?

    [7m251[0m                 $$type: 'SetTaskDetails',
    [7m   [0m [91m                ~~~~~~[0m

      [96mnode_modules/ton-core/dist/contract/Sender.d.ts[0m:[93m21[0m:[93m5[0m
        [7m21[0m     body?: Maybe<Cell>;
        [7m  [0m [96m    ~~~~[0m
        The expected type comes from property 'body' which is declared here on type 'SenderArguments'
    [96mtests/EscrowSM.spec.ts[0m:[93m266[0m:[93m21[0m - [91merror[0m[90m TS2561: [0mObject literal may only specify known properties, but '$$type' does not exist in type 'Cell'. Did you mean to write 'type'?

    [7m266[0m             body: { $$type: 'DepositFunds', taskId, queryID: 32n }
    [7m   [0m [91m                    ~~~~~~[0m

      [96mnode_modules/ton-core/dist/contract/Sender.d.ts[0m:[93m21[0m:[93m5[0m
        [7m21[0m     body?: Maybe<Cell>;
        [7m  [0m [96m    ~~~~[0m
        The expected type comes from property 'body' which is declared here on type 'SenderArguments'
    [96mtests/EscrowSM.spec.ts[0m:[93m272[0m:[93m17[0m - [91merror[0m[90m TS2561: [0mObject literal may only specify known properties, but '$$type' does not exist in type 'Cell'. Did you mean to write 'type'?

    [7m272[0m                 $$type: 'VerifyTaskCompletion',
    [7m   [0m [91m                ~~~~~~[0m

      [96mnode_modules/ton-core/dist/contract/Sender.d.ts[0m:[93m21[0m:[93m5[0m
        [7m21[0m     body?: Maybe<Cell>;
        [7m  [0m [96m    ~~~~[0m
        The expected type comes from property 'body' which is declared here on type 'SenderArguments'
    [96mtests/EscrowSM.spec.ts[0m:[93m278[0m:[93m31[0m - [91merror[0m[90m TS2349: [0mThis expression is not callable.
      Type 'never' has no call signatures.

    [7m278[0m         expect(await escrowSM.getAccumulatedFees()).toEqual(fee);
    [7m   [0m [91m                              ~~~~~~~~~~~~~~~~~~[0m
    [96mtests/EscrowSM.spec.ts[0m:[93m284[0m:[93m21[0m - [91merror[0m[90m TS2561: [0mObject literal may only specify known properties, but '$$type' does not exist in type 'Cell'. Did you mean to write 'type'?

    [7m284[0m             body: { $$type: 'WithdrawFee', queryID: 34n }
    [7m   [0m [91m                    ~~~~~~[0m

      [96mnode_modules/ton-core/dist/contract/Sender.d.ts[0m:[93m21[0m:[93m5[0m
        [7m21[0m     body?: Maybe<Cell>;
        [7m  [0m [96m    ~~~~[0m
        The expected type comes from property 'body' which is declared here on type 'SenderArguments'
    [96mtests/EscrowSM.spec.ts[0m:[93m287[0m:[93m31[0m - [91merror[0m[90m TS2349: [0mThis expression is not callable.
      Type 'never' has no call signatures.

    [7m287[0m         expect(await escrowSM.getAccumulatedFees()).toEqual(0n);
    [7m   [0m [91m                              ~~~~~~~~~~~~~~~~~~[0m
    [96mtests/EscrowSM.spec.ts[0m:[93m300[0m:[93m17[0m - [91merror[0m[90m TS2561: [0mObject literal may only specify known properties, but '$$type' does not exist in type 'Cell'. Did you mean to write 'type'?

    [7m300[0m                 $$type: 'SetTaskDetails',
    [7m   [0m [91m                ~~~~~~[0m

      [96mnode_modules/ton-core/dist/contract/Sender.d.ts[0m:[93m21[0m:[93m5[0m
        [7m21[0m     body?: Maybe<Cell>;
        [7m  [0m [96m    ~~~~[0m
        The expected type comes from property 'body' which is declared here on type 'SenderArguments'
    [96mtests/EscrowSM.spec.ts[0m:[93m315[0m:[93m21[0m - [91merror[0m[90m TS2561: [0mObject literal may only specify known properties, but '$$type' does not exist in type 'Cell'. Did you mean to write 'type'?

    [7m315[0m             body: { $$type: 'DepositFunds', taskId, queryID: 42n }
    [7m   [0m [91m                    ~~~~~~[0m

      [96mnode_modules/ton-core/dist/contract/Sender.d.ts[0m:[93m21[0m:[93m5[0m
        [7m21[0m     body?: Maybe<Cell>;
        [7m  [0m [96m    ~~~~[0m
        The expected type comes from property 'body' which is declared here on type 'SenderArguments'
    [96mtests/EscrowSM.spec.ts[0m:[93m320[0m:[93m21[0m - [91merror[0m[90m TS2561: [0mObject literal may only specify known properties, but '$$type' does not exist in type 'Cell'. Did you mean to write 'type'?

    [7m320[0m             body: { $$type: 'SubmitProof', taskId, proofHash: 123n, queryID: 43n }
    [7m   [0m [91m                    ~~~~~~[0m

      [96mnode_modules/ton-core/dist/contract/Sender.d.ts[0m:[93m21[0m:[93m5[0m
        [7m21[0m     body?: Maybe<Cell>;
        [7m  [0m [96m    ~~~~[0m
        The expected type comes from property 'body' which is declared here on type 'SenderArguments'
    [96mtests/EscrowSM.spec.ts[0m:[93m325[0m:[93m21[0m - [91merror[0m[90m TS2561: [0mObject literal may only specify known properties, but '$$type' does not exist in type 'Cell'. Did you mean to write 'type'?

    [7m325[0m             body: { $$type: 'RaiseDispute', taskId, queryID: 44n }
    [7m   [0m [91m                    ~~~~~~[0m

      [96mnode_modules/ton-core/dist/contract/Sender.d.ts[0m:[93m21[0m:[93m5[0m
        [7m21[0m     body?: Maybe<Cell>;
        [7m  [0m [96m    ~~~~[0m
        The expected type comes from property 'body' which is declared here on type 'SenderArguments'
    [96mtests/EscrowSM.spec.ts[0m:[93m327[0m:[93m33[0m - [91merror[0m[90m TS2349: [0mThis expression is not callable.
      Type 'never' has no call signatures.

    [7m327[0m         let td = await escrowSM.getTaskDetails(taskId);
    [7m   [0m [91m                                ~~~~~~~~~~~~~~[0m
    [96mtests/EscrowSM.spec.ts[0m:[93m334[0m:[93m17[0m - [91merror[0m[90m TS2561: [0mObject literal may only specify known properties, but '$$type' does not exist in type 'Cell'. Did you mean to write 'type'?

    [7m334[0m                 $$type: 'ResolveDispute',
    [7m   [0m [91m                ~~~~~~[0m

      [96mnode_modules/ton-core/dist/contract/Sender.d.ts[0m:[93m21[0m:[93m5[0m
        [7m21[0m     body?: Maybe<Cell>;
        [7m  [0m [96m    ~~~~[0m
        The expected type comes from property 'body' which is declared here on type 'SenderArguments'
    [96mtests/EscrowSM.spec.ts[0m:[93m341[0m:[93m29[0m - [91merror[0m[90m TS2349: [0mThis expression is not callable.
      Type 'never' has no call signatures.

    [7m341[0m         td = await escrowSM.getTaskDetails(taskId);
    [7m   [0m [91m                            ~~~~~~~~~~~~~~[0m
    [96mtests/EscrowSM.spec.ts[0m:[93m353[0m:[93m17[0m - [91merror[0m[90m TS2561: [0mObject literal may only specify known properties, but '$$type' does not exist in type 'Cell'. Did you mean to write 'type'?

    [7m353[0m                 $$type: 'SetTaskDetails',
    [7m   [0m [91m                ~~~~~~[0m

      [96mnode_modules/ton-core/dist/contract/Sender.d.ts[0m:[93m21[0m:[93m5[0m
        [7m21[0m     body?: Maybe<Cell>;
        [7m  [0m [96m    ~~~~[0m
        The expected type comes from property 'body' which is declared here on type 'SenderArguments'
    [96mtests/EscrowSM.spec.ts[0m:[93m369[0m:[93m21[0m - [91merror[0m[90m TS2561: [0mObject literal may only specify known properties, but '$$type' does not exist in type 'Cell'. Did you mean to write 'type'?

    [7m369[0m             body: { $$type: 'DepositFunds', taskId, queryID: 52n }
    [7m   [0m [91m                    ~~~~~~[0m

      [96mnode_modules/ton-core/dist/contract/Sender.d.ts[0m:[93m21[0m:[93m5[0m
        [7m21[0m     body?: Maybe<Cell>;
        [7m  [0m [96m    ~~~~[0m
        The expected type comes from property 'body' which is declared here on type 'SenderArguments'
    [96mtests/EscrowSM.spec.ts[0m:[93m375[0m:[93m21[0m - [91merror[0m[90m TS2561: [0mObject literal may only specify known properties, but '$$type' does not exist in type 'Cell'. Did you mean to write 'type'?

    [7m375[0m             body: { $$type: 'CancelTaskAndRefund', taskId, queryID: 53n }
    [7m   [0m [91m                    ~~~~~~[0m

      [96mnode_modules/ton-core/dist/contract/Sender.d.ts[0m:[93m21[0m:[93m5[0m
        [7m21[0m     body?: Maybe<Cell>;
        [7m  [0m [96m    ~~~~[0m
        The expected type comes from property 'body' which is declared here on type 'SenderArguments'
    [96mtests/EscrowSM.spec.ts[0m:[93m378[0m:[93m35[0m - [91merror[0m[90m TS2349: [0mThis expression is not callable.
      Type 'never' has no call signatures.

    [7m378[0m         const td = await escrowSM.getTaskDetails(taskId);
    [7m   [0m [91m                                  ~~~~~~~~~~~~~~[0m
    [96mtests/EscrowSM.spec.ts[0m:[93m389[0m:[93m86[0m - [91merror[0m[90m TS2561: [0mObject literal may only specify known properties, but '$$type' does not exist in type 'Cell'. Did you mean to write 'type'?

    [7m389[0m         await taskPoster.send({ to: escrowSM.address, value: toNano('0.05'), body: { $$type: 'SetTaskDetails', taskId, paymentPerPerformerAmount: payment, numberOfPerformersNeeded: 1n, expiryTimestamp: BigInt(Math.floor(Date.now() / 1000) + 3600), ziverFeePercentage: 5n, moderatorAddress: moderator.address, queryID: 61n } });
    [7m   [0m [91m                                                                                     ~~~~~~[0m

      [96mnode_modules/ton-core/dist/contract/Sender.d.ts[0m:[93m21[0m:[93m5[0m
        [7m21[0m     body?: Maybe<Cell>;
        [7m  [0m [96m    ~~~~[0m
        The expected type comes from property 'body' which is declared here on type 'SenderArguments'
    [96mtests/EscrowSM.spec.ts[0m:[93m390[0m:[93m96[0m - [91merror[0m[90m TS2561: [0mObject literal may only specify known properties, but '$$type' does not exist in type 'Cell'. Did you mean to write 'type'?

    [7m390[0m         await taskPoster.send({ to: escrowSM.address, value: payment + toNano('0.05'), body: { $$type: 'DepositFunds', taskId, queryID: 62n } });
    [7m   [0m [91m                                                                                               ~~~~~~[0m

      [96mnode_modules/ton-core/dist/contract/Sender.d.ts[0m:[93m21[0m:[93m5[0m
        [7m21[0m     body?: Maybe<Cell>;
        [7m  [0m [96m    ~~~~[0m
        The expected type comes from property 'body' which is declared here on type 'SenderArguments'
    [96mtests/EscrowSM.spec.ts[0m:[93m397[0m:[93m21[0m - [91merror[0m[90m TS2561: [0mObject literal may only specify known properties, but '$$type' does not exist in type 'Cell'. Did you mean to write 'type'?

    [7m397[0m                     $$type: 'VerifyTaskCompletion',
    [7m   [0m [91m                    ~~~~~~[0m

      [96mnode_modules/ton-core/dist/contract/Sender.d.ts[0m:[93m21[0m:[93m5[0m
        [7m21[0m     body?: Maybe<Cell>;
        [7m  [0m [96m    ~~~~[0m
        The expected type comes from property 'body' which is declared here on type 'SenderArguments'
    [96mtests/EscrowSM.spec.ts[0m:[93m410[0m:[93m86[0m - [91merror[0m[90m TS2561: [0mObject literal may only specify known properties, but '$$type' does not exist in type 'Cell'. Did you mean to write 'type'?

    [7m410[0m         await taskPoster.send({ to: escrowSM.address, value: toNano('0.05'), body: { $$type: 'SetTaskDetails', taskId, paymentPerPerformerAmount: payment, numberOfPerformersNeeded: 1n, expiryTimestamp: BigInt(Math.floor(Date.now() / 1000) + 3600), ziverFeePercentage: 10n, moderatorAddress: moderator.address, queryID: 71n } });
    [7m   [0m [91m                                                                                     ~~~~~~[0m

      [96mnode_modules/ton-core/dist/contract/Sender.d.ts[0m:[93m21[0m:[93m5[0m
        [7m21[0m     body?: Maybe<Cell>;
        [7m  [0m [96m    ~~~~[0m
        The expected type comes from property 'body' which is declared here on type 'SenderArguments'
    [96mtests/EscrowSM.spec.ts[0m:[93m411[0m:[93m96[0m - [91merror[0m[90m TS2561: [0mObject literal may only specify known properties, but '$$type' does not exist in type 'Cell'. Did you mean to write 'type'?

    [7m411[0m         await taskPoster.send({ to: escrowSM.address, value: payment + toNano('0.05'), body: { $$type: 'DepositFunds', taskId, queryID: 72n } });
    [7m   [0m [91m                                                                                               ~~~~~~[0m

      [96mnode_modules/ton-core/dist/contract/Sender.d.ts[0m:[93m21[0m:[93m5[0m
        [7m21[0m     body?: Maybe<Cell>;
        [7m  [0m [96m    ~~~~[0m
        The expected type comes from property 'body' which is declared here on type 'SenderArguments'
    [96mtests/EscrowSM.spec.ts[0m:[93m412[0m:[93m86[0m - [91merror[0m[90m TS2561: [0mObject literal may only specify known properties, but '$$type' does not exist in type 'Cell'. Did you mean to write 'type'?

    [7m412[0m         await taskPoster.send({ to: escrowSM.address, value: toNano('0.05'), body: { $$type: 'VerifyTaskCompletion', taskId, performerAddress: performer1.address, queryID: 73n } });
    [7m   [0m [91m                                                                                     ~~~~~~[0m

      [96mnode_modules/ton-core/dist/contract/Sender.d.ts[0m:[93m21[0m:[93m5[0m
        [7m21[0m     body?: Maybe<Cell>;
        [7m  [0m [96m    ~~~~[0m
        The expected type comes from property 'body' which is declared here on type 'SenderArguments'
    [96mtests/EscrowSM.spec.ts[0m:[93m418[0m:[93m25[0m - [91merror[0m[90m TS2561: [0mObject literal may only specify known properties, but '$$type' does not exist in type 'Cell'. Did you mean to write 'type'?

    [7m418[0m                 body: { $$type: 'WithdrawFee', queryID: 74n }
    [7m   [0m [91m                        ~~~~~~[0m

      [96mnode_modules/ton-core/dist/contract/Sender.d.ts[0m:[93m21[0m:[93m5[0m
        [7m21[0m     body?: Maybe<Cell>;
        [7m  [0m [96m    ~~~~[0m
        The expected type comes from property 'body' which is declared here on type 'SenderArguments'
    [96mtests/EscrowSM.spec.ts[0m:[93m427[0m:[93m86[0m - [91merror[0m[90m TS2561: [0mObject literal may only specify known properties, but '$$type' does not exist in type 'Cell'. Did you mean to write 'type'?

    [7m427[0m         await taskPoster.send({ to: escrowSM.address, value: toNano('0.05'), body: { $$type: 'SetTaskDetails', taskId, paymentPerPerformerAmount: payment, numberOfPerformersNeeded: 2n, expiryTimestamp: BigInt(Math.floor(Date.now() / 1000) + 3600), ziverFeePercentage: 5n, moderatorAddress: moderator.address, queryID: 81n } });
    [7m   [0m [91m                                                                                     ~~~~~~[0m

      [96mnode_modules/ton-core/dist/contract/Sender.d.ts[0m:[93m21[0m:[93m5[0m
        [7m21[0m     body?: Maybe<Cell>;
        [7m  [0m [96m    ~~~~[0m
        The expected type comes from property 'body' which is declared here on type 'SenderArguments'
    [96mtests/EscrowSM.spec.ts[0m:[93m428[0m:[93m101[0m - [91merror[0m[90m TS2561: [0mObject literal may only specify known properties, but '$$type' does not exist in type 'Cell'. Did you mean to write 'type'?

    [7m428[0m         await taskPoster.send({ to: escrowSM.address, value: payment * 2n + toNano('0.05'), body: { $$type: 'DepositFunds', taskId, queryID: 82n } });
    [7m   [0m [91m                                                                                                    ~~~~~~[0m

      [96mnode_modules/ton-core/dist/contract/Sender.d.ts[0m:[93m21[0m:[93m5[0m
        [7m21[0m     body?: Maybe<Cell>;
        [7m  [0m [96m    ~~~~[0m
        The expected type comes from property 'body' which is declared here on type 'SenderArguments'
    [96mtests/EscrowSM.spec.ts[0m:[93m429[0m:[93m86[0m - [91merror[0m[90m TS2561: [0mObject literal may only specify known properties, but '$$type' does not exist in type 'Cell'. Did you mean to write 'type'?

    [7m429[0m         await taskPoster.send({ to: escrowSM.address, value: toNano('0.05'), body: { $$type: 'VerifyTaskCompletion', taskId, performerAddress: performer1.address, queryID: 83n } });
    [7m   [0m [91m                                                                                     ~~~~~~[0m

      [96mnode_modules/ton-core/dist/contract/Sender.d.ts[0m:[93m21[0m:[93m5[0m
        [7m21[0m     body?: Maybe<Cell>;
        [7m  [0m [96m    ~~~~[0m
        The expected type comes from property 'body' which is declared here on type 'SenderArguments'
    [96mtests/EscrowSM.spec.ts[0m:[93m436[0m:[93m21[0m - [91merror[0m[90m TS2561: [0mObject literal may only specify known properties, but '$$type' does not exist in type 'Cell'. Did you mean to write 'type'?

    [7m436[0m                     $$type: 'VerifyTaskCompletion',
    [7m   [0m [91m                    ~~~~~~[0m

      [96mnode_modules/ton-core/dist/contract/Sender.d.ts[0m:[93m21[0m:[93m5[0m
        [7m21[0m     body?: Maybe<Cell>;
        [7m  [0m [96m    ~~~~[0m
        The expected type comes from property 'body' which is declared here on type 'SenderArguments'
    [96mtests/EscrowSM.spec.ts[0m:[93m449[0m:[93m86[0m - [91merror[0m[90m TS2561: [0mObject literal may only specify known properties, but '$$type' does not exist in type 'Cell'. Did you mean to write 'type'?

    [7m449[0m         await taskPoster.send({ to: escrowSM.address, value: toNano('0.05'), body: { $$type: 'SetTaskDetails', taskId, paymentPerPerformerAmount: payment, numberOfPerformersNeeded: 1n, expiryTimestamp: BigInt(Math.floor(Date.now() / 1000) + 3600), ziverFeePercentage: 5n, moderatorAddress: moderator.address, queryID: 91n } });
    [7m   [0m [91m                                                                                     ~~~~~~[0m

      [96mnode_modules/ton-core/dist/contract/Sender.d.ts[0m:[93m21[0m:[93m5[0m
        [7m21[0m     body?: Maybe<Cell>;
        [7m  [0m [96m    ~~~~[0m
        The expected type comes from property 'body' which is declared here on type 'SenderArguments'
    [96mtests/EscrowSM.spec.ts[0m:[93m457[0m:[93m21[0m - [91merror[0m[90m TS2561: [0mObject literal may only specify known properties, but '$$type' does not exist in type 'Cell'. Did you mean to write 'type'?

    [7m457[0m             body: { $$type: 'DepositFunds', taskId, queryID: 92n }
    [7m   [0m [91m                    ~~~~~~[0m

      [96mnode_modules/ton-core/dist/contract/Sender.d.ts[0m:[93m21[0m:[93m5[0m
        [7m21[0m     body?: Maybe<Cell>;
        [7m  [0m [96m    ~~~~[0m
        The expected type comes from property 'body' which is declared here on type 'SenderArguments'
    [96mtests/EscrowSM.spec.ts[0m:[93m466[0m:[93m35[0m - [91merror[0m[90m TS2349: [0mThis expression is not callable.
      Type 'never' has no call signatures.

    [7m466[0m         const td = await escrowSM.getTaskDetails(taskId);
    [7m   [0m [91m                                  ~~~~~~~~~~~~~~[0m
    [96mtests/EscrowSM.spec.ts[0m:[93m474[0m:[93m86[0m - [91merror[0m[90m TS2561: [0mObject literal may only specify known properties, but '$$type' does not exist in type 'Cell'. Did you mean to write 'type'?

    [7m474[0m         await taskPoster.send({ to: escrowSM.address, value: toNano('0.05'), body: { $$type: 'SetTaskDetails', taskId, paymentPerPerformerAmount: payment, numberOfPerformersNeeded: 1n, expiryTimestamp: BigInt(Math.floor(Date.now() / 1000) + 3600), ziverFeePercentage: 5n, moderatorAddress: moderator.address, queryID: 91n } });
    [7m   [0m [91m                                                                                     ~~~~~~[0m

      [96mnode_modules/ton-core/dist/contract/Sender.d.ts[0m:[93m21[0m:[93m5[0m
        [7m21[0m     body?: Maybe<Cell>;
        [7m  [0m [96m    ~~~~[0m
        The expected type comes from property 'body' which is declared here on type 'SenderArguments'
    [96mtests/EscrowSM.spec.ts[0m:[93m475[0m:[93m96[0m - [91merror[0m[90m TS2561: [0mObject literal may only specify known properties, but '$$type' does not exist in type 'Cell'. Did you mean to write 'type'?

    [7m475[0m         await taskPoster.send({ to: escrowSM.address, value: payment + toNano('0.05'), body: { $$type: 'DepositFunds', taskId, queryID: 92n } });
    [7m   [0m [91m                                                                                               ~~~~~~[0m

      [96mnode_modules/ton-core/dist/contract/Sender.d.ts[0m:[93m21[0m:[93m5[0m
        [7m21[0m     body?: Maybe<Cell>;
        [7m  [0m [96m    ~~~~[0m
        The expected type comes from property 'body' which is declared here on type 'SenderArguments'
    [96mtests/EscrowSM.spec.ts[0m:[93m476[0m:[93m86[0m - [91merror[0m[90m TS2561: [0mObject literal may only specify known properties, but '$$type' does not exist in type 'Cell'. Did you mean to write 'type'?

    [7m476[0m         await performer1.send({ to: escrowSM.address, value: toNano('0.05'), body: { $$type: 'SubmitProof', taskId, proofHash: 123n, queryID: 93n } });
    [7m   [0m [91m                                                                                     ~~~~~~[0m

      [96mnode_modules/ton-core/dist/contract/Sender.d.ts[0m:[93m21[0m:[93m5[0m
        [7m21[0m     body?: Maybe<Cell>;
        [7m  [0m [96m    ~~~~[0m
        The expected type comes from property 'body' which is declared here on type 'SenderArguments'
    [96mtests/EscrowSM.spec.ts[0m:[93m480[0m:[93m21[0m - [91merror[0m[90m TS2561: [0mObject literal may only specify known properties, but '$$type' does not exist in type 'Cell'. Did you mean to write 'type'?

    [7m480[0m             body: { $$type: 'RaiseDispute', taskId, queryID: 94n }
    [7m   [0m [91m                    ~~~~~~[0m

      [96mnode_modules/ton-core/dist/contract/Sender.d.ts[0m:[93m21[0m:[93m5[0m
        [7m21[0m     body?: Maybe<Cell>;
        [7m  [0m [96m    ~~~~[0m
        The expected type comes from property 'body' which is declared here on type 'SenderArguments'
    [96mtests/EscrowSM.spec.ts[0m:[93m489[0m:[93m17[0m - [91merror[0m[90m TS2561: [0mObject literal may only specify known properties, but '$$type' does not exist in type 'Cell'. Did you mean to write 'type'?

    [7m489[0m                 $$type: 'ResolveDispute',
    [7m   [0m [91m                ~~~~~~[0m

      [96mnode_modules/ton-core/dist/contract/Sender.d.ts[0m:[93m21[0m:[93m5[0m
        [7m21[0m     body?: Maybe<Cell>;
        [7m  [0m [96m    ~~~~[0m
        The expected type comes from property 'body' which is declared here on type 'SenderArguments'
    [96mtests/EscrowSM.spec.ts[0m:[93m496[0m:[93m35[0m - [91merror[0m[90m TS2349: [0mThis expression is not callable.
      Type 'never' has no call signatures.

    [7m496[0m         const td = await escrowSM.getTaskDetails(taskId);
    [7m   [0m [91m                                  ~~~~~~~~~~~~~~[0m

SKIP Reporter mode: gas
Test Suites: 1 failed, 1 total
Tests:       0 total
Snapshots:   0 total
Time:        1.139 s
Ran all test suites.
Error: Command failed: npm test -- 
    at checkExecSyncError (node:child_process:890:11)
    at execSync (node:child_process:962:15)
    at test (/workspaces/Ziver_MVP/contracts/node_modules/@ton/blueprint/dist/cli/test.js:27:34)
    at main (/workspaces/Ziver_MVP/contracts/node_modules/@ton/blueprint/dist/cli/cli.js:113:11) {
  status: 1,
  signal: null,
  output: [ null, null, null ],
  pid: 9460,
  stdout: null,
  stderr: null
}

